Start testing: Mar 06 11:38 GMT Standard Time
----------------------------------------------------------
1/1 Testing: test1
1/1 Test: test1
Command: "C:/Users/chawi/Desktop/Work/Computing Project/20208742/Worksheets/Worksheet 7/build/Debug/test1.exe"
Directory: C:/Users/chawi/Desktop/Work/Computing Project/20208742/Worksheets/Worksheet 7/build
"test1" start time: Mar 06 11:38 GMT Standard Time
Output:
----------------------------------------------------------
<end of output>
Test time =   0.03 sec
----------------------------------------------------------
Test Passed.
"test1" end time: Mar 06 11:38 GMT Standard Time
"test1" time elapsed: 00:00:00
----------------------------------------------------------

End testing: Mar 06 11:38 GMT Standard Time
