Start testing: May 01 13:47 SE Asia Standard Time
----------------------------------------------------------
1/1 Testing: test1
1/1 Test: test1
Command: "C:/Users/chawi/Desktop/Work/Computing Project/20208742/Worksheets/Worksheet 7/build/Debug/test1.exe"
Directory: C:/Users/chawi/Desktop/Work/Computing Project/20208742/Worksheets/Worksheet 7/build
"test1" start time: May 01 13:47 SE Asia Standard Time
Output:
----------------------------------------------------------
<end of output>
Test time =   0.04 sec
----------------------------------------------------------
Test Passed.
"test1" end time: May 01 13:47 SE Asia Standard Time
"test1" time elapsed: 00:00:00
----------------------------------------------------------

End testing: May 01 13:47 SE Asia Standard Time
